Build started 2018.06.07. 9:21:32.
     1>Project "C:\Users\User\Documents\C++\SZE-ProgCpp-2018-Torpedo\Torpedo\Torpedo.vcxproj" on node 2 (Build target(s)).
     1>ClCompile:
         C:\Program Files (x86)\Microsoft Visual Studio 12.0\VC\bin\CL.exe /c /ZI /nologo /W3 /WX- /Od /Oy- /D WIN32 /D _DEBUG /D _CONSOLE /D _LIB /D _UNICODE /D UNICODE /Gm /EHsc /RTC1 /MDd /GS /fp:precise /Zc:wchar_t /Zc:forScope /Fo"Debug\\" /Fd"Debug\vc120.pdb" /Gd /TP /analyze- /errorReport:prompt Jatekos.cpp main.cpp
         main.cpp
     1>c:\users\user\documents\c++\sze-progcpp-2018-torpedo\torpedo\main.cpp(50): warning C4996: 'getch': The POSIX name for this item is deprecated. Instead, use the ISO C++ conformant name: _getch. See online help for details.
                 c:\program files (x86)\microsoft visual studio 12.0\vc\include\conio.h(131) : see declaration of 'getch'
     1>c:\users\user\documents\c++\sze-progcpp-2018-torpedo\torpedo\main.cpp(64): warning C4996: 'getch': The POSIX name for this item is deprecated. Instead, use the ISO C++ conformant name: _getch. See online help for details.
                 c:\program files (x86)\microsoft visual studio 12.0\vc\include\conio.h(131) : see declaration of 'getch'
         Jatekos.cpp
         Generating Code...
     1>c:\users\user\documents\c++\sze-progcpp-2018-torpedo\torpedo\jatekos.cpp(60): warning C4715: 'Jatekos::oszlopAlakito' : not all control paths return a value
       Link:
         C:\Program Files (x86)\Microsoft Visual Studio 12.0\VC\bin\link.exe /ERRORREPORT:PROMPT /OUT:"C:\Users\User\Documents\C++\SZE-ProgCpp-2018-Torpedo\Debug\Torpedo.exe" /INCREMENTAL /NOLOGO kernel32.lib user32.lib gdi32.lib winspool.lib comdlg32.lib advapi32.lib shell32.lib ole32.lib oleaut32.lib uuid.lib odbc32.lib odbccp32.lib /MANIFEST /MANIFESTUAC:"level='asInvoker' uiAccess='false'" /manifest:embed /DEBUG /PDB:"C:\Users\User\Documents\C++\SZE-ProgCpp-2018-Torpedo\Debug\Torpedo.pdb" /SUBSYSTEM:CONSOLE /TLBID:1 /DYNAMICBASE /NXCOMPAT /IMPLIB:"C:\Users\User\Documents\C++\SZE-ProgCpp-2018-Torpedo\Debug\Torpedo.lib" /MACHINE:X86 Debug\Hajo.obj
         Debug\Jatekos.obj
         Debug\main.obj
         Debug\Tabla.obj
         Torpedo.vcxproj -> C:\Users\User\Documents\C++\SZE-ProgCpp-2018-Torpedo\Debug\Torpedo.exe
     1>Done Building Project "C:\Users\User\Documents\C++\SZE-ProgCpp-2018-Torpedo\Torpedo\Torpedo.vcxproj" (Build target(s)).

Build succeeded.

Time Elapsed 00:00:00.90
